<?xml version="1.0" encoding="UTF-8"?>
<!-- Generated by org.testng.reporters.JUnitReportReporter -->
<testsuite hostname="DESKTOP-9VKH3VA" failures="0" tests="4" name="tests.Images.BreedImagesTest" time="2.039" errors="0" timestamp="2025-07-04T17:55:24 BRT" skipped="0">
  <testcase classname="tests.Images.BreedImagesTest" name="testValidBreedReturnsImages" time="0.601"/>
  <system-out/>
  <testcase classname="tests.Images.BreedImagesTest" name="testInvalidBreedReturnsError" time="0.453"/>
  <system-out/>
  <testcase classname="tests.Images.BreedImagesTest" name="testResponseTime" time="0.474"/>
  <system-out/>
  <testcase classname="tests.Images.BreedImagesTest" name="testAllImageUrlsAreValid" time="0.511"/>
  <system-out/>
</testsuite> <!-- tests.Images.BreedImagesTest -->
