<?xml version="1.0" encoding="UTF-8"?>
<!-- Generated by org.testng.reporters.JUnitReportReporter -->
<testsuite hostname="DESKTOP-9VKH3VA" failures="0" tests="4" name="tests.breeds.BreedsTest" time="4.308" errors="0" timestamp="2025-07-04T17:55:24 BRT" skipped="0">
  <testcase classname="tests.breeds.BreedsTest" name="testBreedListContainsKnownBreeds" time="2.784"/>
  <system-out/>
  <testcase classname="tests.breeds.BreedsTest" name="testResponseStructure" time="0.505"/>
  <system-out/>
  <testcase classname="tests.breeds.BreedsTest" name="testResponseTime" time="0.495"/>
  <system-out/>
  <testcase classname="tests.breeds.BreedsTest" name="testStatusCodeIs200" time="0.524"/>
  <system-out/>
</testsuite> <!-- tests.breeds.BreedsTest -->
