<?xml version="1.0" encoding="UTF-8"?>
<!-- Generated by org.testng.reporters.JUnitReportReporter -->
<testsuite hostname="DESKTOP-9VKH3VA" failures="0" tests="5" name="tests.Images.RandomImageTest" time="2.651" errors="0" timestamp="2025-07-04T17:55:24 BRT" skipped="0">
  <testcase classname="tests.Images.RandomImageTest" name="testResponseTime" time="0.473"/>
  <system-out/>
  <testcase classname="tests.Images.RandomImageTest" name="testImageUrlIsValid" time="0.476"/>
  <system-out/>
  <testcase classname="tests.Images.RandomImageTest" name="testImageIsDifferentOnMultipleCalls" time="0.945"/>
  <system-out/>
  <testcase classname="tests.Images.RandomImageTest" name="testRandomImageStatusCode" time="0.447"/>
  <system-out/>
  <testcase classname="tests.Images.RandomImageTest" name="testRandomImageStructure" time="0.310"/>
  <system-out/>
</testsuite> <!-- tests.Images.RandomImageTest -->
